  CEuroScopeUtils.cpp
     Creating library D:\Users\JAF\OneDrive\Documents\repos\Strips\Strips\x64\Debug\Strips.lib and object D:\Users\JAF\OneDrive\Documents\repos\Strips\Strips\x64\Debug\Strips.exp
CEuroScopeUtils.obj : error LNK2019: unresolved external symbol "__declspec(dllimport) public: __cdecl EuroScopePlugIn::CPlugIn::CPlugIn(int,char const *,char const *,char const *,char const *)" (__imp_??0CPlugIn@EuroScopePlugIn@@QEAA@HPEBD000@Z) referenced in function "public: __cdecl CEuroScopeUtils::CEuroScopeUtils(void)" (??0CEuroScopeUtils@@QEAA@XZ)
CEuroScopeUtils.obj : error LNK2019: unresolved external symbol "__declspec(dllimport) public: virtual __cdecl EuroScopePlugIn::CPlugIn::~CPlugIn(void)" (__imp_??1CPlugIn@EuroScopePlugIn@@UEAA@XZ) referenced in function "public: virtual __cdecl CEuroScopeUtils::~CEuroScopeUtils(void)" (??1CEuroScopeUtils@@UEAA@XZ)
CEuroScopeUtils.obj : error LNK2001: unresolved external symbol "public: virtual void __cdecl EuroScopePlugIn::CPlugIn::OnAirportRunwayActivityChanged(void)" (?OnAirportRunwayActivityChanged@CPlugIn@EuroScopePlugIn@@UEAAXXZ)
CEuroScopeUtils.obj : error LNK2001: unresolved external symbol "public: virtual bool __cdecl EuroScopePlugIn::CPlugIn::OnCompileCommand(char const *)" (?OnCompileCommand@CPlugIn@EuroScopePlugIn@@UEAA_NPEBD@Z)
CEuroScopeUtils.obj : error LNK2001: unresolved external symbol "public: virtual void __cdecl EuroScopePlugIn::CPlugIn::OnCompileFrequencyChat(char const *,double,char const *)" (?OnCompileFrequencyChat@CPlugIn@EuroScopePlugIn@@UEAAXPEBDN0@Z)
CEuroScopeUtils.obj : error LNK2001: unresolved external symbol "public: virtual void __cdecl EuroScopePlugIn::CPlugIn::OnCompilePrivateChat(char const *,char const *,char const *)" (?OnCompilePrivateChat@CPlugIn@EuroScopePlugIn@@UEAAXPEBD00@Z)
CEuroScopeUtils.obj : error LNK2001: unresolved external symbol "public: virtual void __cdecl EuroScopePlugIn::CPlugIn::OnControllerDisconnect(class EuroScopePlugIn::CController)" (?OnControllerDisconnect@CPlugIn@EuroScopePlugIn@@UEAAXVCController@2@@Z)
CEuroScopeUtils.obj : error LNK2001: unresolved external symbol "public: virtual void __cdecl EuroScopePlugIn::CPlugIn::OnControllerPositionUpdate(class EuroScopePlugIn::CController)" (?OnControllerPositionUpdate@CPlugIn@EuroScopePlugIn@@UEAAXVCController@2@@Z)
CEuroScopeUtils.obj : error LNK2001: unresolved external symbol "public: virtual void __cdecl EuroScopePlugIn::CPlugIn::OnFlightPlanControllerAssignedDataUpdate(class EuroScopePlugIn::CFlightPlan,int)" (?OnFlightPlanControllerAssignedDataUpdate@CPlugIn@EuroScopePlugIn@@UEAAXVCFlightPlan@2@H@Z)
CEuroScopeUtils.obj : error LNK2001: unresolved external symbol "public: virtual void __cdecl EuroScopePlugIn::CPlugIn::OnFlightPlanDisconnect(class EuroScopePlugIn::CFlightPlan)" (?OnFlightPlanDisconnect@CPlugIn@EuroScopePlugIn@@UEAAXVCFlightPlan@2@@Z)
CEuroScopeUtils.obj : error LNK2001: unresolved external symbol "public: virtual void __cdecl EuroScopePlugIn::CPlugIn::OnFlightPlanFlightPlanDataUpdate(class EuroScopePlugIn::CFlightPlan)" (?OnFlightPlanFlightPlanDataUpdate@CPlugIn@EuroScopePlugIn@@UEAAXVCFlightPlan@2@@Z)
CEuroScopeUtils.obj : error LNK2001: unresolved external symbol "public: virtual void __cdecl EuroScopePlugIn::CPlugIn::OnFlightPlanFlightStripPushed(class EuroScopePlugIn::CFlightPlan,char const *,char const *)" (?OnFlightPlanFlightStripPushed@CPlugIn@EuroScopePlugIn@@UEAAXVCFlightPlan@2@PEBD1@Z)
CEuroScopeUtils.obj : error LNK2001: unresolved external symbol "public: virtual void __cdecl EuroScopePlugIn::CPlugIn::OnFunctionCall(int,char const *,struct tagPOINT,struct tagRECT)" (?OnFunctionCall@CPlugIn@EuroScopePlugIn@@UEAAXHPEBDUtagPOINT@@UtagRECT@@@Z)
CEuroScopeUtils.obj : error LNK2001: unresolved external symbol "public: virtual void __cdecl EuroScopePlugIn::CPlugIn::OnGetTagItem(class EuroScopePlugIn::CFlightPlan,class EuroScopePlugIn::CRadarTarget,int,int,char * const,int *,unsigned long *,double *)" (?OnGetTagItem@CPlugIn@EuroScopePlugIn@@UEAAXVCFlightPlan@2@VCRadarTarget@2@HHQEADPEAHPEAKPEAN@Z)
CEuroScopeUtils.obj : error LNK2001: unresolved external symbol "public: virtual void __cdecl EuroScopePlugIn::CPlugIn::OnNewMetarReceived(char const *,char const *)" (?OnNewMetarReceived@CPlugIn@EuroScopePlugIn@@UEAAXPEBD0@Z)
CEuroScopeUtils.obj : error LNK2001: unresolved external symbol "public: virtual void __cdecl EuroScopePlugIn::CPlugIn::OnPlaneInformationUpdate(char const *,char const *,char const *)" (?OnPlaneInformationUpdate@CPlugIn@EuroScopePlugIn@@UEAAXPEBD00@Z)
CEuroScopeUtils.obj : error LNK2001: unresolved external symbol "public: virtual class EuroScopePlugIn::CRadarScreen * __cdecl EuroScopePlugIn::CPlugIn::OnRadarScreenCreated(char const *,bool,bool,bool,bool)" (?OnRadarScreenCreated@CPlugIn@EuroScopePlugIn@@UEAAPEAVCRadarScreen@2@PEBD_N111@Z)
CEuroScopeUtils.obj : error LNK2001: unresolved external symbol "public: virtual void __cdecl EuroScopePlugIn::CPlugIn::OnRadarTargetPositionUpdate(class EuroScopePlugIn::CRadarTarget)" (?OnRadarTargetPositionUpdate@CPlugIn@EuroScopePlugIn@@UEAAXVCRadarTarget@2@@Z)
CEuroScopeUtils.obj : error LNK2001: unresolved external symbol "public: virtual void __cdecl EuroScopePlugIn::CPlugIn::OnRefreshFpListContent(class EuroScopePlugIn::CFlightPlanList)" (?OnRefreshFpListContent@CPlugIn@EuroScopePlugIn@@UEAAXVCFlightPlanList@2@@Z)
CEuroScopeUtils.obj : error LNK2001: unresolved external symbol "public: virtual void __cdecl EuroScopePlugIn::CPlugIn::OnTimer(int)" (?OnTimer@CPlugIn@EuroScopePlugIn@@UEAAXH@Z)
CEuroScopeUtils.obj : error LNK2001: unresolved external symbol "public: virtual void __cdecl EuroScopePlugIn::CPlugIn::OnVoiceReceiveEnded(class EuroScopePlugIn::CGrountToAirChannel)" (?OnVoiceReceiveEnded@CPlugIn@EuroScopePlugIn@@UEAAXVCGrountToAirChannel@2@@Z)
CEuroScopeUtils.obj : error LNK2001: unresolved external symbol "public: virtual void __cdecl EuroScopePlugIn::CPlugIn::OnVoiceReceiveStarted(class EuroScopePlugIn::CGrountToAirChannel)" (?OnVoiceReceiveStarted@CPlugIn@EuroScopePlugIn@@UEAAXVCGrountToAirChannel@2@@Z)
CEuroScopeUtils.obj : error LNK2001: unresolved external symbol "public: virtual void __cdecl EuroScopePlugIn::CPlugIn::OnVoiceTransmitEnded(bool)" (?OnVoiceTransmitEnded@CPlugIn@EuroScopePlugIn@@UEAAX_N@Z)
CEuroScopeUtils.obj : error LNK2001: unresolved external symbol "public: virtual void __cdecl EuroScopePlugIn::CPlugIn::OnVoiceTransmitStarted(bool)" (?OnVoiceTransmitStarted@CPlugIn@EuroScopePlugIn@@UEAAX_N@Z)
lib\EuroScopePlugInDll.lib : warning LNK4272: library machine type 'x86' conflicts with target machine type 'x64'
D:\Users\JAF\OneDrive\Documents\repos\Strips\Strips\x64\Debug\Strips.dll : fatal error LNK1120: 24 unresolved externals
